<?xml version="1.0" encoding="UTF-8"?>
<testng-results ignored="0" total="17" passed="15" failed="2" skipped="0">
  <reporter-output>
  </reporter-output>
  <suite started-at="2022-11-25T11:29:59 IST" name="Suite" finished-at="2022-11-25T11:30:03 IST" duration-ms="3908">
    <groups>
    </groups>
    <test started-at="2022-11-25T11:29:59 IST" name="Test" finished-at="2022-11-25T11:30:03 IST" duration-ms="3908">
      <class name="API_PUT_TestCases.PUT_TestCases">
        <test-method is-config="true" signature="before_class_initialize()[pri:0, instance:API_PUT_TestCases.PUT_TestCases@737d100a]" started-at="2022-11-25T11:30:02 IST" name="before_class_initialize" finished-at="2022-11-25T11:30:02 IST" duration-ms="184" status="PASS">
          <reporter-output>
          </reporter-output>
        </test-method> <!-- before_class_initialize -->
        <test-method signature="TC_01_PUT_Connection_check()[pri:0, instance:API_PUT_TestCases.PUT_TestCases@737d100a]" started-at="2022-11-25T11:30:02 IST" name="TC_01_PUT_Connection_check" finished-at="2022-11-25T11:30:02 IST" duration-ms="2" status="PASS">
          <reporter-output>
          </reporter-output>
        </test-method> <!-- TC_01_PUT_Connection_check -->
        <test-method signature="TC_02_PUT_Connection_Response_check()[pri:0, instance:API_PUT_TestCases.PUT_TestCases@737d100a]" started-at="2022-11-25T11:30:02 IST" name="TC_02_PUT_Connection_Response_check" finished-at="2022-11-25T11:30:02 IST" duration-ms="4" status="PASS">
          <reporter-output>
          </reporter-output>
        </test-method> <!-- TC_02_PUT_Connection_Response_check -->
        <test-method signature="TC_03_PUT_StatusCode_Check()[pri:0, instance:API_PUT_TestCases.PUT_TestCases@737d100a]" started-at="2022-11-25T11:30:02 IST" name="TC_03_PUT_StatusCode_Check" finished-at="2022-11-25T11:30:02 IST" duration-ms="2" status="PASS">
          <reporter-output>
          </reporter-output>
        </test-method> <!-- TC_03_PUT_StatusCode_Check -->
        <test-method signature="TC_04_PUT_Response_text_check()[pri:0, instance:API_PUT_TestCases.PUT_TestCases@737d100a]" started-at="2022-11-25T11:30:02 IST" name="TC_04_PUT_Response_text_check" finished-at="2022-11-25T11:30:02 IST" duration-ms="2" status="PASS">
          <reporter-output>
          </reporter-output>
        </test-method> <!-- TC_04_PUT_Response_text_check -->
        <test-method signature="TC_05_PUT_Response_Time_Check()[pri:0, instance:API_PUT_TestCases.PUT_TestCases@737d100a]" started-at="2022-11-25T11:30:03 IST" name="TC_05_PUT_Response_Time_Check" finished-at="2022-11-25T11:30:03 IST" duration-ms="1" status="PASS">
          <reporter-output>
          </reporter-output>
        </test-method> <!-- TC_05_PUT_Response_Time_Check -->
      </class> <!-- API_PUT_TestCases.PUT_TestCases -->
      <class name="API_GET_TestCases.GET_TEST_CASES">
        <test-method is-config="true" signature="before_class_initialize_api()[pri:0, instance:API_GET_TestCases.GET_TEST_CASES@5a08efdc]" started-at="2022-11-25T11:30:00 IST" name="before_class_initialize_api" finished-at="2022-11-25T11:30:00 IST" duration-ms="893" status="PASS">
          <reporter-output>
          </reporter-output>
        </test-method> <!-- before_class_initialize_api -->
        <test-method signature="TC01_api_connect_check()[pri:0, instance:API_GET_TestCases.GET_TEST_CASES@5a08efdc]" started-at="2022-11-25T11:30:01 IST" name="TC01_api_connect_check" finished-at="2022-11-25T11:30:02 IST" duration-ms="1261" status="PASS">
          <reporter-output>
          </reporter-output>
        </test-method> <!-- TC01_api_connect_check -->
        <test-method signature="TC02_Check_Response_code()[pri:0, instance:API_GET_TestCases.GET_TEST_CASES@5a08efdc]" started-at="2022-11-25T11:30:02 IST" name="TC02_Check_Response_code" finished-at="2022-11-25T11:30:02 IST" duration-ms="86" status="PASS">
          <reporter-output>
          </reporter-output>
        </test-method> <!-- TC02_Check_Response_code -->
        <test-method signature="TC03_get_Complete_Response()[pri:0, instance:API_GET_TestCases.GET_TEST_CASES@5a08efdc]" started-at="2022-11-25T11:30:02 IST" name="TC03_get_Complete_Response" finished-at="2022-11-25T11:30:02 IST" duration-ms="202" status="PASS">
          <reporter-output>
          </reporter-output>
        </test-method> <!-- TC03_get_Complete_Response -->
        <test-method signature="TC04_Check_Time_Received()[pri:0, instance:API_GET_TestCases.GET_TEST_CASES@5a08efdc]" started-at="2022-11-25T11:30:02 IST" name="TC04_Check_Time_Received" finished-at="2022-11-25T11:30:02 IST" duration-ms="64" status="PASS">
          <reporter-output>
          </reporter-output>
        </test-method> <!-- TC04_Check_Time_Received -->
        <test-method signature="TC05_Receive_body_as_string()[pri:0, instance:API_GET_TestCases.GET_TEST_CASES@5a08efdc]" started-at="2022-11-25T11:30:02 IST" name="TC05_Receive_body_as_string" finished-at="2022-11-25T11:30:02 IST" duration-ms="87" status="FAIL">
          <exception class="java.lang.AssertionError">
            <message>
              <![CDATA[expected [true] but found [false]]]>
            </message>
            <full-stacktrace>
              <![CDATA[java.lang.AssertionError: expected [true] but found [false]
at org.testng.Assert.fail(Assert.java:110)
at org.testng.Assert.failNotEquals(Assert.java:1413)
at org.testng.Assert.assertEqualsImpl(Assert.java:149)
at org.testng.Assert.assertEquals(Assert.java:131)
at org.testng.Assert.assertEquals(Assert.java:976)
at org.testng.Assert.assertEquals(Assert.java:1010)
at API_GET_TestCases.GET_TEST_CASES.TC05_Receive_body_as_string(GET_TEST_CASES.java:118)
at java.base/jdk.internal.reflect.NativeMethodAccessorImpl.invoke0(Native Method)
at java.base/jdk.internal.reflect.NativeMethodAccessorImpl.invoke(NativeMethodAccessorImpl.java:77)
at java.base/jdk.internal.reflect.DelegatingMethodAccessorImpl.invoke(DelegatingMethodAccessorImpl.java:43)
at java.base/java.lang.reflect.Method.invoke(Method.java:568)
at org.testng.internal.invokers.MethodInvocationHelper.invokeMethod(MethodInvocationHelper.java:139)
at org.testng.internal.invokers.TestInvoker.invokeMethod(TestInvoker.java:677)
at org.testng.internal.invokers.TestInvoker.invokeTestMethod(TestInvoker.java:221)
at org.testng.internal.invokers.MethodRunner.runInSequence(MethodRunner.java:50)
at org.testng.internal.invokers.TestInvoker$MethodInvocationAgent.invoke(TestInvoker.java:962)
at org.testng.internal.invokers.TestInvoker.invokeTestMethods(TestInvoker.java:194)
at org.testng.internal.invokers.TestMethodWorker.invokeTestMethods(TestMethodWorker.java:148)
at org.testng.internal.invokers.TestMethodWorker.run(TestMethodWorker.java:128)
at java.base/java.util.ArrayList.forEach(ArrayList.java:1511)
at org.testng.TestRunner.privateRun(TestRunner.java:806)
at org.testng.TestRunner.run(TestRunner.java:601)
at org.testng.SuiteRunner.runTest(SuiteRunner.java:433)
at org.testng.SuiteRunner.runSequentially(SuiteRunner.java:427)
at org.testng.SuiteRunner.privateRun(SuiteRunner.java:387)
at org.testng.SuiteRunner.run(SuiteRunner.java:330)
at org.testng.SuiteRunnerWorker.runSuite(SuiteRunnerWorker.java:52)
at org.testng.SuiteRunnerWorker.run(SuiteRunnerWorker.java:95)
at org.testng.TestNG.runSuitesSequentially(TestNG.java:1256)
at org.testng.TestNG.runSuitesLocally(TestNG.java:1176)
at org.testng.TestNG.runSuites(TestNG.java:1099)
at org.testng.TestNG.run(TestNG.java:1067)
at org.testng.remote.AbstractRemoteTestNG.run(AbstractRemoteTestNG.java:115)
at org.testng.remote.RemoteTestNG.initAndRun(RemoteTestNG.java:251)
at org.testng.remote.RemoteTestNG.main(RemoteTestNG.java:77)
]]>
            </full-stacktrace>
          </exception> <!-- java.lang.AssertionError -->
          <reporter-output>
          </reporter-output>
        </test-method> <!-- TC05_Receive_body_as_string -->
        <test-method signature="TC06_Check_session_ID()[pri:0, instance:API_GET_TestCases.GET_TEST_CASES@5a08efdc]" started-at="2022-11-25T11:30:02 IST" name="TC06_Check_session_ID" finished-at="2022-11-25T11:30:02 IST" duration-ms="9" status="FAIL">
          <exception class="java.lang.NullPointerException">
            <message>
              <![CDATA[Cannot invoke "String.isEmpty()" because "sessionID" is null]]>
            </message>
            <full-stacktrace>
              <![CDATA[java.lang.NullPointerException: Cannot invoke "String.isEmpty()" because "sessionID" is null
at API_GET_TestCases.GET_TEST_CASES.TC06_Check_session_ID(GET_TEST_CASES.java:138)
at java.base/jdk.internal.reflect.NativeMethodAccessorImpl.invoke0(Native Method)
at java.base/jdk.internal.reflect.NativeMethodAccessorImpl.invoke(NativeMethodAccessorImpl.java:77)
at java.base/jdk.internal.reflect.DelegatingMethodAccessorImpl.invoke(DelegatingMethodAccessorImpl.java:43)
at java.base/java.lang.reflect.Method.invoke(Method.java:568)
at org.testng.internal.invokers.MethodInvocationHelper.invokeMethod(MethodInvocationHelper.java:139)
at org.testng.internal.invokers.TestInvoker.invokeMethod(TestInvoker.java:677)
at org.testng.internal.invokers.TestInvoker.invokeTestMethod(TestInvoker.java:221)
at org.testng.internal.invokers.MethodRunner.runInSequence(MethodRunner.java:50)
at org.testng.internal.invokers.TestInvoker$MethodInvocationAgent.invoke(TestInvoker.java:962)
at org.testng.internal.invokers.TestInvoker.invokeTestMethods(TestInvoker.java:194)
at org.testng.internal.invokers.TestMethodWorker.invokeTestMethods(TestMethodWorker.java:148)
at org.testng.internal.invokers.TestMethodWorker.run(TestMethodWorker.java:128)
at java.base/java.util.ArrayList.forEach(ArrayList.java:1511)
at org.testng.TestRunner.privateRun(TestRunner.java:806)
at org.testng.TestRunner.run(TestRunner.java:601)
at org.testng.SuiteRunner.runTest(SuiteRunner.java:433)
at org.testng.SuiteRunner.runSequentially(SuiteRunner.java:427)
at org.testng.SuiteRunner.privateRun(SuiteRunner.java:387)
at org.testng.SuiteRunner.run(SuiteRunner.java:330)
at org.testng.SuiteRunnerWorker.runSuite(SuiteRunnerWorker.java:52)
at org.testng.SuiteRunnerWorker.run(SuiteRunnerWorker.java:95)
at org.testng.TestNG.runSuitesSequentially(TestNG.java:1256)
at org.testng.TestNG.runSuitesLocally(TestNG.java:1176)
at org.testng.TestNG.runSuites(TestNG.java:1099)
at org.testng.TestNG.run(TestNG.java:1067)
at org.testng.remote.AbstractRemoteTestNG.run(AbstractRemoteTestNG.java:115)
at org.testng.remote.RemoteTestNG.initAndRun(RemoteTestNG.java:251)
at org.testng.remote.RemoteTestNG.main(RemoteTestNG.java:77)
]]>
            </full-stacktrace>
          </exception> <!-- java.lang.NullPointerException -->
          <reporter-output>
          </reporter-output>
        </test-method> <!-- TC06_Check_session_ID -->
      </class> <!-- API_GET_TestCases.GET_TEST_CASES -->
      <class name="API_POST_TestCases.POST_Test_Cases">
        <test-method signature="TC_01_POST_Connection_Check()[pri:0, instance:API_POST_TestCases.POST_Test_Cases@252a8aae]" started-at="2022-11-25T11:29:59 IST" name="TC_01_POST_Connection_Check" finished-at="2022-11-25T11:29:59 IST" duration-ms="779" status="PASS">
          <reporter-output>
          </reporter-output>
        </test-method> <!-- TC_01_POST_Connection_Check -->
        <test-method signature="TC_02_POST_Check_Response_Text()[pri:0, instance:API_POST_TestCases.POST_Test_Cases@252a8aae]" started-at="2022-11-25T11:30:00 IST" name="TC_02_POST_Check_Response_Text" finished-at="2022-11-25T11:30:00 IST" duration-ms="5" status="PASS">
          <reporter-output>
          </reporter-output>
        </test-method> <!-- TC_02_POST_Check_Response_Text -->
        <test-method signature="TC_03_POST_Check_Response_Code()[pri:0, instance:API_POST_TestCases.POST_Test_Cases@252a8aae]" started-at="2022-11-25T11:30:00 IST" name="TC_03_POST_Check_Response_Code" finished-at="2022-11-25T11:30:00 IST" duration-ms="6" status="PASS">
          <reporter-output>
          </reporter-output>
        </test-method> <!-- TC_03_POST_Check_Response_Code -->
        <test-method signature="TC_04_POST_Check_Response_Time()[pri:0, instance:API_POST_TestCases.POST_Test_Cases@252a8aae]" started-at="2022-11-25T11:30:00 IST" name="TC_04_POST_Check_Response_Time" finished-at="2022-11-25T11:30:00 IST" duration-ms="20" status="PASS">
          <reporter-output>
          </reporter-output>
        </test-method> <!-- TC_04_POST_Check_Response_Time -->
        <test-method signature="TC_05_POST_Check_Session_ID()[pri:0, instance:API_POST_TestCases.POST_Test_Cases@252a8aae]" started-at="2022-11-25T11:30:00 IST" name="TC_05_POST_Check_Session_ID" finished-at="2022-11-25T11:30:00 IST" duration-ms="9" status="PASS">
          <reporter-output>
          </reporter-output>
        </test-method> <!-- TC_05_POST_Check_Session_ID -->
        <test-method signature="TC_06_POST_Check_getResponse_string()[pri:0, instance:API_POST_TestCases.POST_Test_Cases@252a8aae]" started-at="2022-11-25T11:30:00 IST" name="TC_06_POST_Check_getResponse_string" finished-at="2022-11-25T11:30:00 IST" duration-ms="7" status="PASS">
          <reporter-output>
          </reporter-output>
        </test-method> <!-- TC_06_POST_Check_getResponse_string -->
      </class> <!-- API_POST_TestCases.POST_Test_Cases -->
    </test> <!-- Test -->
  </suite> <!-- Suite -->
</testng-results>
