<html>
<head>
<title>TestNG:  Test</title>
<link href="../testng.css" rel="stylesheet" type="text/css" />
<link href="../my-testng.css" rel="stylesheet" type="text/css" />

<style type="text/css">
.log { display: none;} 
.stack-trace { display: none;} 
</style>
<script type="text/javascript">
<!--
function flip(e) {
  current = e.style.display;
  if (current == 'block') {
    e.style.display = 'none';
    return 0;
  }
  else {
    e.style.display = 'block';
    return 1;
  }
}

function toggleBox(szDivId, elem, msg1, msg2)
{
  var res = -1;  if (document.getElementById) {
    res = flip(document.getElementById(szDivId));
  }
  else if (document.all) {
    // this is the way old msie versions work
    res = flip(document.all[szDivId]);
  }
  if(elem) {
    if(res == 0) elem.innerHTML = msg1; else elem.innerHTML = msg2;
  }

}

function toggleAllBoxes() {
  if (document.getElementsByTagName) {
    d = document.getElementsByTagName('div');
    for (i = 0; i < d.length; i++) {
      if (d[i].className == 'log') {
        flip(d[i]);
      }
    }
  }
}

// -->
</script>

</head>
<body>
<h2 align='center'>Test</h2><table border='1' align="center">
<tr>
<td>Tests passed/Failed/Skipped:</td><td>13/4/0</td>
</tr><tr>
<td>Started on:</td><td>Sat Nov 26 03:03:24 IST 2022</td>
</tr>
<tr><td>Total time:</td><td>4 seconds (4374 ms)</td>
</tr><tr>
<td>Included groups:</td><td></td>
</tr><tr>
<td>Excluded groups:</td><td></td>
</tr>
</table><p/>
<small><i>(Hover the method name to see the test class name)</i></small><p/>
<table width='100%' border='1' class='invocation-failed'>
<tr><td colspan='4' align='center'><b>FAILED TESTS</b></td></tr>
<tr><td><b>Test method</b></td>
<td><b>Attribute(s)</b></td>
<td width="30%"><b>Exception</b></td>
<td width="10%"><b>Time (seconds)</b></td>
<td><b>Instance</b></td>
</tr>
<tr>
<td title='API_GET_TestCases.GET_TEST_CASES.TC06_Check_session_ID()'><b>TC06_Check_session_ID</b><br>Test class: API_GET_TestCases.GET_TEST_CASES</td>
<td><div><pre>java.lang.NullPointerException: Cannot invoke &quot;String.isEmpty()&quot; because &quot;sessionID&quot; is null
	at API_GET_TestCases.GET_TEST_CASES.TC06_Check_session_ID(GET_TEST_CASES.java:144)
	at java.base/java.util.ArrayList.forEach(ArrayList.java:1511)
... Removed 27 stack frames</pre></div><a href='#' onClick='toggleBox("stack-trace1138121345", this, "Click to show all stack frames", "Click to hide stack frames")'>Click to show all stack frames</a>
<div class='stack-trace' id='stack-trace1138121345'><pre>java.lang.NullPointerException: Cannot invoke &quot;String.isEmpty()&quot; because &quot;sessionID&quot; is null
	at API_GET_TestCases.GET_TEST_CASES.TC06_Check_session_ID(GET_TEST_CASES.java:144)
	at java.base/jdk.internal.reflect.NativeMethodAccessorImpl.invoke0(Native Method)
	at java.base/jdk.internal.reflect.NativeMethodAccessorImpl.invoke(NativeMethodAccessorImpl.java:77)
	at java.base/jdk.internal.reflect.DelegatingMethodAccessorImpl.invoke(DelegatingMethodAccessorImpl.java:43)
	at java.base/java.lang.reflect.Method.invoke(Method.java:568)
	at org.testng.internal.invokers.MethodInvocationHelper.invokeMethod(MethodInvocationHelper.java:139)
	at org.testng.internal.invokers.TestInvoker.invokeMethod(TestInvoker.java:677)
	at org.testng.internal.invokers.TestInvoker.invokeTestMethod(TestInvoker.java:221)
	at org.testng.internal.invokers.MethodRunner.runInSequence(MethodRunner.java:50)
	at org.testng.internal.invokers.TestInvoker$MethodInvocationAgent.invoke(TestInvoker.java:962)
	at org.testng.internal.invokers.TestInvoker.invokeTestMethods(TestInvoker.java:194)
	at org.testng.internal.invokers.TestMethodWorker.invokeTestMethods(TestMethodWorker.java:148)
	at org.testng.internal.invokers.TestMethodWorker.run(TestMethodWorker.java:128)
	at java.base/java.util.ArrayList.forEach(ArrayList.java:1511)
	at org.testng.TestRunner.privateRun(TestRunner.java:806)
	at org.testng.TestRunner.run(TestRunner.java:601)
	at org.testng.SuiteRunner.runTest(SuiteRunner.java:433)
	at org.testng.SuiteRunner.runSequentially(SuiteRunner.java:427)
	at org.testng.SuiteRunner.privateRun(SuiteRunner.java:387)
	at org.testng.SuiteRunner.run(SuiteRunner.java:330)
	at org.testng.SuiteRunnerWorker.runSuite(SuiteRunnerWorker.java:52)
	at org.testng.SuiteRunnerWorker.run(SuiteRunnerWorker.java:95)
	at org.testng.TestNG.runSuitesSequentially(TestNG.java:1256)
	at org.testng.TestNG.runSuitesLocally(TestNG.java:1176)
	at org.testng.TestNG.runSuites(TestNG.java:1099)
	at org.testng.TestNG.run(TestNG.java:1067)
	at org.testng.remote.AbstractRemoteTestNG.run(AbstractRemoteTestNG.java:115)
	at org.testng.remote.RemoteTestNG.initAndRun(RemoteTestNG.java:251)
	at org.testng.remote.RemoteTestNG.main(RemoteTestNG.java:77)
</pre></div></td>
<td>0</td>
<td>API_GET_TestCases.GET_TEST_CASES@984169e</td></tr>
<tr>
<td title='API_GET_TestCases.GET_TEST_CASES.TC05_Receive_body_as_string()'><b>TC05_Receive_body_as_string</b><br>Test class: API_GET_TestCases.GET_TEST_CASES</td>
<td><div><pre>java.lang.AssertionError: expected [true] but found [false]
	at API_GET_TestCases.GET_TEST_CASES.TC05_Receive_body_as_string(GET_TEST_CASES.java:124)
	at java.base/java.util.ArrayList.forEach(ArrayList.java:1511)
... Removed 33 stack frames</pre></div><a href='#' onClick='toggleBox("stack-trace585814865", this, "Click to show all stack frames", "Click to hide stack frames")'>Click to show all stack frames</a>
<div class='stack-trace' id='stack-trace585814865'><pre>java.lang.AssertionError: expected [true] but found [false]
	at org.testng.Assert.fail(Assert.java:110)
	at org.testng.Assert.failNotEquals(Assert.java:1413)
	at org.testng.Assert.assertEqualsImpl(Assert.java:149)
	at org.testng.Assert.assertEquals(Assert.java:131)
	at org.testng.Assert.assertEquals(Assert.java:976)
	at org.testng.Assert.assertEquals(Assert.java:1010)
	at API_GET_TestCases.GET_TEST_CASES.TC05_Receive_body_as_string(GET_TEST_CASES.java:124)
	at java.base/jdk.internal.reflect.NativeMethodAccessorImpl.invoke0(Native Method)
	at java.base/jdk.internal.reflect.NativeMethodAccessorImpl.invoke(NativeMethodAccessorImpl.java:77)
	at java.base/jdk.internal.reflect.DelegatingMethodAccessorImpl.invoke(DelegatingMethodAccessorImpl.java:43)
	at java.base/java.lang.reflect.Method.invoke(Method.java:568)
	at org.testng.internal.invokers.MethodInvocationHelper.invokeMethod(MethodInvocationHelper.java:139)
	at org.testng.internal.invokers.TestInvoker.invokeMethod(TestInvoker.java:677)
	at org.testng.internal.invokers.TestInvoker.invokeTestMethod(TestInvoker.java:221)
	at org.testng.internal.invokers.MethodRunner.runInSequence(MethodRunner.java:50)
	at org.testng.internal.invokers.TestInvoker$MethodInvocationAgent.invoke(TestInvoker.java:962)
	at org.testng.internal.invokers.TestInvoker.invokeTestMethods(TestInvoker.java:194)
	at org.testng.internal.invokers.TestMethodWorker.invokeTestMethods(TestMethodWorker.java:148)
	at org.testng.internal.invokers.TestMethodWorker.run(TestMethodWorker.java:128)
	at java.base/java.util.ArrayList.forEach(ArrayList.java:1511)
	at org.testng.TestRunner.privateRun(TestRunner.java:806)
	at org.testng.TestRunner.run(TestRunner.java:601)
	at org.testng.SuiteRunner.runTest(SuiteRunner.java:433)
	at org.testng.SuiteRunner.runSequentially(SuiteRunner.java:427)
	at org.testng.SuiteRunner.privateRun(SuiteRunner.java:387)
	at org.testng.SuiteRunner.run(SuiteRunner.java:330)
	at org.testng.SuiteRunnerWorker.runSuite(SuiteRunnerWorker.java:52)
	at org.testng.SuiteRunnerWorker.run(SuiteRunnerWorker.java:95)
	at org.testng.TestNG.runSuitesSequentially(TestNG.java:1256)
	at org.testng.TestNG.runSuitesLocally(TestNG.java:1176)
	at org.testng.TestNG.runSuites(TestNG.java:1099)
	at org.testng.TestNG.run(TestNG.java:1067)
	at org.testng.remote.AbstractRemoteTestNG.run(AbstractRemoteTestNG.java:115)
	at org.testng.remote.RemoteTestNG.initAndRun(RemoteTestNG.java:251)
	at org.testng.remote.RemoteTestNG.main(RemoteTestNG.java:77)
</pre></div></td>
<td>0</td>
<td>API_GET_TestCases.GET_TEST_CASES@984169e</td></tr>
<tr>
<td title='API_POST_TestCases.POST_Test_Cases.TC_04_POST_Check_Response_Time()'><b>TC_04_POST_Check_Response_Time</b><br>Test class: API_POST_TestCases.POST_Test_Cases</td>
<td><div><pre>java.lang.AssertionError: expected [true] but found [false]
	at API_POST_TestCases.POST_Test_Cases.TC_04_POST_Check_Response_Time(POST_Test_Cases.java:86)
	at java.base/java.util.ArrayList.forEach(ArrayList.java:1511)
... Removed 33 stack frames</pre></div><a href='#' onClick='toggleBox("stack-trace1526453607", this, "Click to show all stack frames", "Click to hide stack frames")'>Click to show all stack frames</a>
<div class='stack-trace' id='stack-trace1526453607'><pre>java.lang.AssertionError: expected [true] but found [false]
	at org.testng.Assert.fail(Assert.java:110)
	at org.testng.Assert.failNotEquals(Assert.java:1413)
	at org.testng.Assert.assertEqualsImpl(Assert.java:149)
	at org.testng.Assert.assertEquals(Assert.java:131)
	at org.testng.Assert.assertEquals(Assert.java:976)
	at org.testng.Assert.assertEquals(Assert.java:1010)
	at API_POST_TestCases.POST_Test_Cases.TC_04_POST_Check_Response_Time(POST_Test_Cases.java:86)
	at java.base/jdk.internal.reflect.NativeMethodAccessorImpl.invoke0(Native Method)
	at java.base/jdk.internal.reflect.NativeMethodAccessorImpl.invoke(NativeMethodAccessorImpl.java:77)
	at java.base/jdk.internal.reflect.DelegatingMethodAccessorImpl.invoke(DelegatingMethodAccessorImpl.java:43)
	at java.base/java.lang.reflect.Method.invoke(Method.java:568)
	at org.testng.internal.invokers.MethodInvocationHelper.invokeMethod(MethodInvocationHelper.java:139)
	at org.testng.internal.invokers.TestInvoker.invokeMethod(TestInvoker.java:677)
	at org.testng.internal.invokers.TestInvoker.invokeTestMethod(TestInvoker.java:221)
	at org.testng.internal.invokers.MethodRunner.runInSequence(MethodRunner.java:50)
	at org.testng.internal.invokers.TestInvoker$MethodInvocationAgent.invoke(TestInvoker.java:962)
	at org.testng.internal.invokers.TestInvoker.invokeTestMethods(TestInvoker.java:194)
	at org.testng.internal.invokers.TestMethodWorker.invokeTestMethods(TestMethodWorker.java:148)
	at org.testng.internal.invokers.TestMethodWorker.run(TestMethodWorker.java:128)
	at java.base/java.util.ArrayList.forEach(ArrayList.java:1511)
	at org.testng.TestRunner.privateRun(TestRunner.java:806)
	at org.testng.TestRunner.run(TestRunner.java:601)
	at org.testng.SuiteRunner.runTest(SuiteRunner.java:433)
	at org.testng.SuiteRunner.runSequentially(SuiteRunner.java:427)
	at org.testng.SuiteRunner.privateRun(SuiteRunner.java:387)
	at org.testng.SuiteRunner.run(SuiteRunner.java:330)
	at org.testng.SuiteRunnerWorker.runSuite(SuiteRunnerWorker.java:52)
	at org.testng.SuiteRunnerWorker.run(SuiteRunnerWorker.java:95)
	at org.testng.TestNG.runSuitesSequentially(TestNG.java:1256)
	at org.testng.TestNG.runSuitesLocally(TestNG.java:1176)
	at org.testng.TestNG.runSuites(TestNG.java:1099)
	at org.testng.TestNG.run(TestNG.java:1067)
	at org.testng.remote.AbstractRemoteTestNG.run(AbstractRemoteTestNG.java:115)
	at org.testng.remote.RemoteTestNG.initAndRun(RemoteTestNG.java:251)
	at org.testng.remote.RemoteTestNG.main(RemoteTestNG.java:77)
</pre></div></td>
<td>0</td>
<td>API_POST_TestCases.POST_Test_Cases@4e1a46fb</td></tr>
<tr>
<td title='API_POST_TestCases.POST_Test_Cases.TC_02_POST_Check_Response_Text()'><b>TC_02_POST_Check_Response_Text</b><br>Test class: API_POST_TestCases.POST_Test_Cases</td>
<td><div><pre>java.lang.ClassCastException: class java.lang.String cannot be cast to class java.lang.Integer (java.lang.String and java.lang.Integer are in module java.base of loader &apos;bootstrap&apos;)
	at API_POST_TestCases.POST_Test_Cases.TC_02_POST_Check_Response_Text(POST_Test_Cases.java:58)
	at java.base/java.util.ArrayList.forEach(ArrayList.java:1511)
... Removed 27 stack frames</pre></div><a href='#' onClick='toggleBox("stack-trace1572929405", this, "Click to show all stack frames", "Click to hide stack frames")'>Click to show all stack frames</a>
<div class='stack-trace' id='stack-trace1572929405'><pre>java.lang.ClassCastException: class java.lang.String cannot be cast to class java.lang.Integer (java.lang.String and java.lang.Integer are in module java.base of loader &apos;bootstrap&apos;)
	at API_POST_TestCases.POST_Test_Cases.TC_02_POST_Check_Response_Text(POST_Test_Cases.java:58)
	at java.base/jdk.internal.reflect.NativeMethodAccessorImpl.invoke0(Native Method)
	at java.base/jdk.internal.reflect.NativeMethodAccessorImpl.invoke(NativeMethodAccessorImpl.java:77)
	at java.base/jdk.internal.reflect.DelegatingMethodAccessorImpl.invoke(DelegatingMethodAccessorImpl.java:43)
	at java.base/java.lang.reflect.Method.invoke(Method.java:568)
	at org.testng.internal.invokers.MethodInvocationHelper.invokeMethod(MethodInvocationHelper.java:139)
	at org.testng.internal.invokers.TestInvoker.invokeMethod(TestInvoker.java:677)
	at org.testng.internal.invokers.TestInvoker.invokeTestMethod(TestInvoker.java:221)
	at org.testng.internal.invokers.MethodRunner.runInSequence(MethodRunner.java:50)
	at org.testng.internal.invokers.TestInvoker$MethodInvocationAgent.invoke(TestInvoker.java:962)
	at org.testng.internal.invokers.TestInvoker.invokeTestMethods(TestInvoker.java:194)
	at org.testng.internal.invokers.TestMethodWorker.invokeTestMethods(TestMethodWorker.java:148)
	at org.testng.internal.invokers.TestMethodWorker.run(TestMethodWorker.java:128)
	at java.base/java.util.ArrayList.forEach(ArrayList.java:1511)
	at org.testng.TestRunner.privateRun(TestRunner.java:806)
	at org.testng.TestRunner.run(TestRunner.java:601)
	at org.testng.SuiteRunner.runTest(SuiteRunner.java:433)
	at org.testng.SuiteRunner.runSequentially(SuiteRunner.java:427)
	at org.testng.SuiteRunner.privateRun(SuiteRunner.java:387)
	at org.testng.SuiteRunner.run(SuiteRunner.java:330)
	at org.testng.SuiteRunnerWorker.runSuite(SuiteRunnerWorker.java:52)
	at org.testng.SuiteRunnerWorker.run(SuiteRunnerWorker.java:95)
	at org.testng.TestNG.runSuitesSequentially(TestNG.java:1256)
	at org.testng.TestNG.runSuitesLocally(TestNG.java:1176)
	at org.testng.TestNG.runSuites(TestNG.java:1099)
	at org.testng.TestNG.run(TestNG.java:1067)
	at org.testng.remote.AbstractRemoteTestNG.run(AbstractRemoteTestNG.java:115)
	at org.testng.remote.RemoteTestNG.initAndRun(RemoteTestNG.java:251)
	at org.testng.remote.RemoteTestNG.main(RemoteTestNG.java:77)
</pre></div></td>
<td>0</td>
<td>API_POST_TestCases.POST_Test_Cases@4e1a46fb</td></tr>
</table><p>
<table width='100%' border='1' class='invocation-passed'>
<tr><td colspan='4' align='center'><b>PASSED TESTS</b></td></tr>
<tr><td><b>Test method</b></td>
<td><b>Attribute(s)</b></td>
<td width="30%"><b>Exception</b></td>
<td width="10%"><b>Time (seconds)</b></td>
<td><b>Instance</b></td>
</tr>
<tr>
<td title='API_POST_TestCases.POST_Test_Cases.TC_06_POST_Check_getResponse_string()'><b>TC_06_POST_Check_getResponse_string</b><br>Test class: API_POST_TestCases.POST_Test_Cases</td>
<td></td>
<td>0</td>
<td>API_POST_TestCases.POST_Test_Cases@4e1a46fb</td></tr>
<tr>
<td title='API_GET_TestCases.GET_TEST_CASES.TC02_Check_Response_code()'><b>TC02_Check_Response_code</b><br>Test class: API_GET_TestCases.GET_TEST_CASES</td>
<td></td>
<td>0</td>
<td>API_GET_TestCases.GET_TEST_CASES@984169e</td></tr>
<tr>
<td title='API_PUT_TestCases.PUT_TestCases.TC_02_PUT_Connection_Response_check()'><b>TC_02_PUT_Connection_Response_check</b><br>Test class: API_PUT_TestCases.PUT_TestCases</td>
<td></td>
<td>0</td>
<td>API_PUT_TestCases.PUT_TestCases@f88bfbe</td></tr>
<tr>
<td title='API_GET_TestCases.GET_TEST_CASES.TC01_api_connect_check()'><b>TC01_api_connect_check</b><br>Test class: API_GET_TestCases.GET_TEST_CASES</td>
<td></td>
<td>1</td>
<td>API_GET_TestCases.GET_TEST_CASES@984169e</td></tr>
<tr>
<td title='API_GET_TestCases.GET_TEST_CASES.TC04_Check_Time_Received()'><b>TC04_Check_Time_Received</b><br>Test class: API_GET_TestCases.GET_TEST_CASES</td>
<td></td>
<td>0</td>
<td>API_GET_TestCases.GET_TEST_CASES@984169e</td></tr>
<tr>
<td title='API_POST_TestCases.POST_Test_Cases.TC_05_POST_Check_Session_ID()'><b>TC_05_POST_Check_Session_ID</b><br>Test class: API_POST_TestCases.POST_Test_Cases</td>
<td></td>
<td>0</td>
<td>API_POST_TestCases.POST_Test_Cases@4e1a46fb</td></tr>
<tr>
<td title='API_GET_TestCases.GET_TEST_CASES.TC03_get_Complete_Response()'><b>TC03_get_Complete_Response</b><br>Test class: API_GET_TestCases.GET_TEST_CASES</td>
<td></td>
<td>0</td>
<td>API_GET_TestCases.GET_TEST_CASES@984169e</td></tr>
<tr>
<td title='API_POST_TestCases.POST_Test_Cases.TC_03_POST_Check_Response_Code()'><b>TC_03_POST_Check_Response_Code</b><br>Test class: API_POST_TestCases.POST_Test_Cases</td>
<td></td>
<td>0</td>
<td>API_POST_TestCases.POST_Test_Cases@4e1a46fb</td></tr>
<tr>
<td title='API_POST_TestCases.POST_Test_Cases.TC_01_POST_Connection_Check()'><b>TC_01_POST_Connection_Check</b><br>Test class: API_POST_TestCases.POST_Test_Cases</td>
<td></td>
<td>0</td>
<td>API_POST_TestCases.POST_Test_Cases@4e1a46fb</td></tr>
<tr>
<td title='API_PUT_TestCases.PUT_TestCases.TC_01_PUT_Connection_check()'><b>TC_01_PUT_Connection_check</b><br>Test class: API_PUT_TestCases.PUT_TestCases</td>
<td></td>
<td>0</td>
<td>API_PUT_TestCases.PUT_TestCases@f88bfbe</td></tr>
<tr>
<td title='API_PUT_TestCases.PUT_TestCases.TC_03_PUT_StatusCode_Check()'><b>TC_03_PUT_StatusCode_Check</b><br>Test class: API_PUT_TestCases.PUT_TestCases</td>
<td></td>
<td>0</td>
<td>API_PUT_TestCases.PUT_TestCases@f88bfbe</td></tr>
<tr>
<td title='API_PUT_TestCases.PUT_TestCases.TC_04_PUT_Response_text_check()'><b>TC_04_PUT_Response_text_check</b><br>Test class: API_PUT_TestCases.PUT_TestCases</td>
<td></td>
<td>0</td>
<td>API_PUT_TestCases.PUT_TestCases@f88bfbe</td></tr>
<tr>
<td title='API_PUT_TestCases.PUT_TestCases.TC_05_PUT_Response_Time_Check()'><b>TC_05_PUT_Response_Time_Check</b><br>Test class: API_PUT_TestCases.PUT_TestCases</td>
<td></td>
<td>0</td>
<td>API_PUT_TestCases.PUT_TestCases@f88bfbe</td></tr>
</table><p>
</body>
</html>